c:\users\demo\desktop\kinect-hackathon\kinectimageprocessor\x64\debug\pch.pch
c:\users\demo\desktop\kinect-hackathon\kinectimageprocessor\x64\debug\pch.obj
c:\users\demo\desktop\kinect-hackathon\kinectimageprocessor\x64\debug\vc110.pdb
c:\users\demo\desktop\kinect-hackathon\kinectimageprocessor\x64\debug\infraredhelper.obj
c:\users\demo\desktop\kinect-hackathon\kinectimageprocessor\x64\debug\depthhelper.obj
c:\users\demo\desktop\kinect-hackathon\kinectimageprocessor\x64\debug\bodyhelper.obj
c:\users\demo\desktop\kinect-hackathon\kinectimageprocessor\x64\debug\coordinatemapperhelper.obj
c:\users\demo\desktop\kinect-hackathon\kinectcrowdv1\x64\debug\kinectimageprocessor\kinectimageprocessor.lib
c:\users\demo\desktop\kinect-hackathon\kinectcrowdv1\x64\debug\kinectimageprocessor\kinectimageprocessor.exp
c:\users\demo\desktop\kinect-hackathon\kinectimageprocessor\x64\debug\kinectimageprocessor.vcxprojresolveassemblyreference.cache
c:\users\demo\desktop\kinect-hackathon\kinectimageprocessor\x64\debug\priconfig.xml
c:\users\demo\desktop\kinect-hackathon\kinectimageprocessor\x64\debug\priconfig.xml.intermediate
c:\users\demo\desktop\kinect-hackathon\kinectimageprocessor\x64\debug\layout.resfiles
c:\users\demo\desktop\kinect-hackathon\kinectimageprocessor\x64\debug\layout.resfiles.intermediate
c:\users\demo\desktop\kinect-hackathon\kinectimageprocessor\x64\debug\resources.resfiles
c:\users\demo\desktop\kinect-hackathon\kinectimageprocessor\x64\debug\resources.resfiles.intermediate
c:\users\demo\desktop\kinect-hackathon\kinectimageprocessor\x64\debug\pri.resfiles
c:\users\demo\desktop\kinect-hackathon\kinectimageprocessor\x64\debug\pri.resfiles.intermediate
c:\users\demo\desktop\kinect-hackathon\kinectcrowdv1\x64\debug\kinectimageprocessor\kinectimageprocessor.pri
c:\users\demo\desktop\kinect-hackathon\kinectimageprocessor\x64\debug\qualifiers.txt
c:\users\demo\desktop\kinect-hackathon\kinectimageprocessor\x64\debug\qualifiers.txt.intermediate
c:\users\demo\desktop\kinect-hackathon\kinectimageprocessor\x64\debug\multiplequalifiersperdimensionfound.txt
c:\users\demo\desktop\kinect-hackathon\kinectcrowdv1\x64\debug\kinectimageprocessor\kinectimageprocessor.ilk
c:\users\demo\desktop\kinect-hackathon\kinectcrowdv1\x64\debug\kinectimageprocessor\kinectimageprocessor.dll
c:\users\demo\desktop\kinect-hackathon\kinectcrowdv1\x64\debug\kinectimageprocessor\kinectimageprocessor.winmd
c:\users\demo\desktop\kinect-hackathon\kinectcrowdv1\x64\debug\kinectimageprocessor\kinectimageprocessor.pdb
c:\users\demo\desktop\kinect-hackathon\kinectimageprocessor\x64\debug\cl.1376.read.1.tlog
c:\users\demo\desktop\kinect-hackathon\kinectimageprocessor\x64\debug\cl.1376.write.1.tlog
c:\users\demo\desktop\kinect-hackathon\kinectimageprocessor\x64\debug\cl.2224.read.1.tlog
c:\users\demo\desktop\kinect-hackathon\kinectimageprocessor\x64\debug\cl.2224.write.1.tlog
c:\users\demo\desktop\kinect-hackathon\kinectimageprocessor\x64\debug\cl.2460.read.1.tlog
c:\users\demo\desktop\kinect-hackathon\kinectimageprocessor\x64\debug\cl.2460.write.1.tlog
c:\users\demo\desktop\kinect-hackathon\kinectimageprocessor\x64\debug\cl.3676.read.1.tlog
c:\users\demo\desktop\kinect-hackathon\kinectimageprocessor\x64\debug\cl.3676.write.1.tlog
c:\users\demo\desktop\kinect-hackathon\kinectimageprocessor\x64\debug\cl.3680.read.1.tlog
c:\users\demo\desktop\kinect-hackathon\kinectimageprocessor\x64\debug\cl.3680.write.1.tlog
c:\users\demo\desktop\kinect-hackathon\kinectimageprocessor\x64\debug\cl.3736.read.1.tlog
c:\users\demo\desktop\kinect-hackathon\kinectimageprocessor\x64\debug\cl.3736.write.1.tlog
c:\users\demo\desktop\kinect-hackathon\kinectimageprocessor\x64\debug\cl.412.read.1.tlog
c:\users\demo\desktop\kinect-hackathon\kinectimageprocessor\x64\debug\cl.412.write.1.tlog
c:\users\demo\desktop\kinect-hackathon\kinectimageprocessor\x64\debug\cl.4220.read.1.tlog
c:\users\demo\desktop\kinect-hackathon\kinectimageprocessor\x64\debug\cl.4220.write.1.tlog
c:\users\demo\desktop\kinect-hackathon\kinectimageprocessor\x64\debug\cl.4264.read.1.tlog
c:\users\demo\desktop\kinect-hackathon\kinectimageprocessor\x64\debug\cl.4264.write.1.tlog
c:\users\demo\desktop\kinect-hackathon\kinectimageprocessor\x64\debug\cl.4740.read.1.tlog
c:\users\demo\desktop\kinect-hackathon\kinectimageprocessor\x64\debug\cl.4740.write.1.tlog
c:\users\demo\desktop\kinect-hackathon\kinectimageprocessor\x64\debug\cl.4788.read.1.tlog
c:\users\demo\desktop\kinect-hackathon\kinectimageprocessor\x64\debug\cl.4788.write.1.tlog
c:\users\demo\desktop\kinect-hackathon\kinectimageprocessor\x64\debug\cl.5164.read.1.tlog
c:\users\demo\desktop\kinect-hackathon\kinectimageprocessor\x64\debug\cl.5164.write.1.tlog
c:\users\demo\desktop\kinect-hackathon\kinectimageprocessor\x64\debug\cl.5244.read.1.tlog
c:\users\demo\desktop\kinect-hackathon\kinectimageprocessor\x64\debug\cl.5244.write.1.tlog
c:\users\demo\desktop\kinect-hackathon\kinectimageprocessor\x64\debug\cl.5316.read.1.tlog
c:\users\demo\desktop\kinect-hackathon\kinectimageprocessor\x64\debug\cl.5316.write.1.tlog
c:\users\demo\desktop\kinect-hackathon\kinectimageprocessor\x64\debug\cl.5680.read.1.tlog
c:\users\demo\desktop\kinect-hackathon\kinectimageprocessor\x64\debug\cl.5680.write.1.tlog
c:\users\demo\desktop\kinect-hackathon\kinectimageprocessor\x64\debug\cl.5980.read.1.tlog
c:\users\demo\desktop\kinect-hackathon\kinectimageprocessor\x64\debug\cl.5980.write.1.tlog
c:\users\demo\desktop\kinect-hackathon\kinectimageprocessor\x64\debug\cl.6256.read.1.tlog
c:\users\demo\desktop\kinect-hackathon\kinectimageprocessor\x64\debug\cl.6256.write.1.tlog
c:\users\demo\desktop\kinect-hackathon\kinectimageprocessor\x64\debug\cl.6856.read.1.tlog
c:\users\demo\desktop\kinect-hackathon\kinectimageprocessor\x64\debug\cl.6856.write.1.tlog
c:\users\demo\desktop\kinect-hackathon\kinectimageprocessor\x64\debug\cl.8864.read.1.tlog
c:\users\demo\desktop\kinect-hackathon\kinectimageprocessor\x64\debug\cl.8864.write.1.tlog
c:\users\demo\desktop\kinect-hackathon\kinectimageprocessor\x64\debug\cl.9180.read.1.tlog
c:\users\demo\desktop\kinect-hackathon\kinectimageprocessor\x64\debug\cl.9180.write.1.tlog
c:\users\demo\desktop\kinect-hackathon\kinectimageprocessor\x64\debug\cl.command.1.tlog
c:\users\demo\desktop\kinect-hackathon\kinectimageprocessor\x64\debug\cl.read.1.tlog
c:\users\demo\desktop\kinect-hackathon\kinectimageprocessor\x64\debug\cl.write.1.tlog
c:\users\demo\desktop\kinect-hackathon\kinectimageprocessor\x64\debug\kinectimageprocessor.read.1u.tlog
c:\users\demo\desktop\kinect-hackathon\kinectimageprocessor\x64\debug\kinectimageprocessor.write.1.tlog
c:\users\demo\desktop\kinect-hackathon\kinectimageprocessor\x64\debug\kinectimageprocessor.write.1u.tlog
c:\users\demo\desktop\kinect-hackathon\kinectimageprocessor\x64\debug\link.1064.read.1.tlog
c:\users\demo\desktop\kinect-hackathon\kinectimageprocessor\x64\debug\link.1064.write.1.tlog
c:\users\demo\desktop\kinect-hackathon\kinectimageprocessor\x64\debug\link.1172.read.1.tlog
c:\users\demo\desktop\kinect-hackathon\kinectimageprocessor\x64\debug\link.1172.write.1.tlog
c:\users\demo\desktop\kinect-hackathon\kinectimageprocessor\x64\debug\link.1776.read.1.tlog
c:\users\demo\desktop\kinect-hackathon\kinectimageprocessor\x64\debug\link.1776.write.1.tlog
c:\users\demo\desktop\kinect-hackathon\kinectimageprocessor\x64\debug\link.188.read.1.tlog
c:\users\demo\desktop\kinect-hackathon\kinectimageprocessor\x64\debug\link.188.write.1.tlog
c:\users\demo\desktop\kinect-hackathon\kinectimageprocessor\x64\debug\link.3084.read.1.tlog
c:\users\demo\desktop\kinect-hackathon\kinectimageprocessor\x64\debug\link.3084.write.1.tlog
c:\users\demo\desktop\kinect-hackathon\kinectimageprocessor\x64\debug\link.3116.read.1.tlog
c:\users\demo\desktop\kinect-hackathon\kinectimageprocessor\x64\debug\link.3116.write.1.tlog
c:\users\demo\desktop\kinect-hackathon\kinectimageprocessor\x64\debug\link.3508.read.1.tlog
c:\users\demo\desktop\kinect-hackathon\kinectimageprocessor\x64\debug\link.3508.write.1.tlog
c:\users\demo\desktop\kinect-hackathon\kinectimageprocessor\x64\debug\link.3548.read.1.tlog
c:\users\demo\desktop\kinect-hackathon\kinectimageprocessor\x64\debug\link.3548.write.1.tlog
c:\users\demo\desktop\kinect-hackathon\kinectimageprocessor\x64\debug\link.3688.read.1.tlog
c:\users\demo\desktop\kinect-hackathon\kinectimageprocessor\x64\debug\link.3688.write.1.tlog
c:\users\demo\desktop\kinect-hackathon\kinectimageprocessor\x64\debug\link.3720.read.1.tlog
c:\users\demo\desktop\kinect-hackathon\kinectimageprocessor\x64\debug\link.3720.write.1.tlog
c:\users\demo\desktop\kinect-hackathon\kinectimageprocessor\x64\debug\link.4064.read.1.tlog
c:\users\demo\desktop\kinect-hackathon\kinectimageprocessor\x64\debug\link.4064.write.1.tlog
c:\users\demo\desktop\kinect-hackathon\kinectimageprocessor\x64\debug\link.4200.read.1.tlog
c:\users\demo\desktop\kinect-hackathon\kinectimageprocessor\x64\debug\link.4200.write.1.tlog
c:\users\demo\desktop\kinect-hackathon\kinectimageprocessor\x64\debug\link.4408.read.1.tlog
c:\users\demo\desktop\kinect-hackathon\kinectimageprocessor\x64\debug\link.4408.write.1.tlog
c:\users\demo\desktop\kinect-hackathon\kinectimageprocessor\x64\debug\link.4688.read.1.tlog
c:\users\demo\desktop\kinect-hackathon\kinectimageprocessor\x64\debug\link.4688.write.1.tlog
c:\users\demo\desktop\kinect-hackathon\kinectimageprocessor\x64\debug\link.5004.read.1.tlog
c:\users\demo\desktop\kinect-hackathon\kinectimageprocessor\x64\debug\link.5004.write.1.tlog
c:\users\demo\desktop\kinect-hackathon\kinectimageprocessor\x64\debug\link.5376.read.1.tlog
c:\users\demo\desktop\kinect-hackathon\kinectimageprocessor\x64\debug\link.5376.write.1.tlog
c:\users\demo\desktop\kinect-hackathon\kinectimageprocessor\x64\debug\link.5436.read.1.tlog
c:\users\demo\desktop\kinect-hackathon\kinectimageprocessor\x64\debug\link.5436.write.1.tlog
c:\users\demo\desktop\kinect-hackathon\kinectimageprocessor\x64\debug\link.5592.read.1.tlog
c:\users\demo\desktop\kinect-hackathon\kinectimageprocessor\x64\debug\link.5592.write.1.tlog
c:\users\demo\desktop\kinect-hackathon\kinectimageprocessor\x64\debug\link.6132.read.1.tlog
c:\users\demo\desktop\kinect-hackathon\kinectimageprocessor\x64\debug\link.6132.write.1.tlog
c:\users\demo\desktop\kinect-hackathon\kinectimageprocessor\x64\debug\link.6320.read.1.tlog
c:\users\demo\desktop\kinect-hackathon\kinectimageprocessor\x64\debug\link.6320.write.1.tlog
c:\users\demo\desktop\kinect-hackathon\kinectimageprocessor\x64\debug\link.6428.read.1.tlog
c:\users\demo\desktop\kinect-hackathon\kinectimageprocessor\x64\debug\link.6428.write.1.tlog
c:\users\demo\desktop\kinect-hackathon\kinectimageprocessor\x64\debug\link.6816.read.1.tlog
c:\users\demo\desktop\kinect-hackathon\kinectimageprocessor\x64\debug\link.6816.write.1.tlog
c:\users\demo\desktop\kinect-hackathon\kinectimageprocessor\x64\debug\link.7020.read.1.tlog
c:\users\demo\desktop\kinect-hackathon\kinectimageprocessor\x64\debug\link.7020.write.1.tlog
c:\users\demo\desktop\kinect-hackathon\kinectimageprocessor\x64\debug\link.7184.read.1.tlog
c:\users\demo\desktop\kinect-hackathon\kinectimageprocessor\x64\debug\link.7184.write.1.tlog
c:\users\demo\desktop\kinect-hackathon\kinectimageprocessor\x64\debug\link.7324.read.1.tlog
c:\users\demo\desktop\kinect-hackathon\kinectimageprocessor\x64\debug\link.7324.write.1.tlog
c:\users\demo\desktop\kinect-hackathon\kinectimageprocessor\x64\debug\link.7412.read.1.tlog
c:\users\demo\desktop\kinect-hackathon\kinectimageprocessor\x64\debug\link.7412.write.1.tlog
c:\users\demo\desktop\kinect-hackathon\kinectimageprocessor\x64\debug\link.7484.read.1.tlog
c:\users\demo\desktop\kinect-hackathon\kinectimageprocessor\x64\debug\link.7484.write.1.tlog
c:\users\demo\desktop\kinect-hackathon\kinectimageprocessor\x64\debug\link.7828.read.1.tlog
c:\users\demo\desktop\kinect-hackathon\kinectimageprocessor\x64\debug\link.7828.write.1.tlog
c:\users\demo\desktop\kinect-hackathon\kinectimageprocessor\x64\debug\link.7936.read.1.tlog
c:\users\demo\desktop\kinect-hackathon\kinectimageprocessor\x64\debug\link.7936.write.1.tlog
c:\users\demo\desktop\kinect-hackathon\kinectimageprocessor\x64\debug\link.7956.read.1.tlog
c:\users\demo\desktop\kinect-hackathon\kinectimageprocessor\x64\debug\link.7956.write.1.tlog
c:\users\demo\desktop\kinect-hackathon\kinectimageprocessor\x64\debug\link.8060.read.1.tlog
c:\users\demo\desktop\kinect-hackathon\kinectimageprocessor\x64\debug\link.8060.write.1.tlog
c:\users\demo\desktop\kinect-hackathon\kinectimageprocessor\x64\debug\link.command.1.tlog
c:\users\demo\desktop\kinect-hackathon\kinectimageprocessor\x64\debug\link.read.1.tlog
c:\users\demo\desktop\kinect-hackathon\kinectimageprocessor\x64\debug\link.write.1.tlog
